[+] 15-06-2024 14:48:24  Deleted old log file: 18-05-2024.log
 [+] 15-06-2024 14:48:24  Mongo DB Connected Successfully.....
 [+] 15-06-2024 14:48:24  Successfully Conected
 [+] 15-06-2024 14:48:24  Data Was Served..
 [+] 15-06-2024 14:48:24  Mongo DB disconnected Successfully.....
 [*] 15-06-2024 14:48:50  incoming request GET /
 [*] 15-06-2024 14:48:51  incoming request GET /favicon.ico
 [*] 15-06-2024 14:48:55  incoming request GET /login
 [*] 15-06-2024 14:48:55  incoming request GET /favicon.ico
 [*] 15-06-2024 14:48:58  incoming request GET /favicon.ico
 [*] 15-06-2024 14:49:00  incoming request GET /Signup
 [*] 15-06-2024 14:49:00  incoming request GET /favicon.ico
 [*] 15-06-2024 14:49:29  incoming request GET /signup
 [*] 15-06-2024 14:49:30  incoming request GET /favicon.ico
 [*] 15-06-2024 14:49:41  incoming request GET /login
 [*] 15-06-2024 14:49:41  incoming request GET /favicon.ico
 [*] 15-06-2024 14:50:16  incoming request POST /login
 [*] 15-06-2024 14:50:16  incoming request GET /Dashboard
 [*] 15-06-2024 14:50:16  incoming request GET /Js/Dashboard.js
 [*] 15-06-2024 14:50:17  incoming request GET /favicon.ico
 [*] 15-06-2024 14:52:31  incoming request GET /login
 [*] 15-06-2024 14:52:31  incoming request GET /favicon.ico